     1                                  ;alive.asm
     2                                  section .data
     3 00000000 48656C6C6F2C576F72-     	msg1 db "Hello,World!",0
     3 00000009 6C642100           
     4 0000000D 416C69766520616E64-     	msg2 db "Alive and kicking!",0
     4 00000016 206B69636B696E6721-
     4 0000001F 00                 
     5 00000020 6501000000000000        	radius dq 357
     6 00000028 1F85EB51B81E0940        	pi dq 3.14
     7 00000030 25730A00                	fmtstr db "%s",10,0
     8 00000034 256C660A00              	fmtflt db "%lf",10,0
     9 00000039 25640A00                	fmtint db "%d",10,0
    10                                  section .bss
    11                                  section .text
    12                                  extern printf
    13                                  	global main
    14                                  main:
    15 00000000 55                      	push rbp
    16 00000001 4889E5                  	mov rbp,rsp
    17 00000004 B800000000              	mov rax,0
    18 00000009 48BF-                   	mov rdi,fmtstr
    18 0000000B [3000000000000000] 
    19 00000013 48BE-                   	mov rsi,msg1
    19 00000015 [0000000000000000] 
    20 0000001D E8(00000000)            	call printf
    21 00000022 B800000000              	mov rax,0
    22 00000027 48BF-                   	mov rdi,fmtstr
    22 00000029 [3000000000000000] 
    23 00000031 48BE-                   	mov rsi,msg2
    23 00000033 [0D00000000000000] 
    24 0000003B E8(00000000)            	call printf
    25 00000040 B800000000              	mov rax,0
    26 00000045 48BF-                   	mov rdi,fmtint
    26 00000047 [3900000000000000] 
    27 0000004F 488B3425[20000000]      	mov rsi,[radius]
    28 00000057 E8(00000000)            	call printf
    29 0000005C B801000000              	mov rax,1
    30 00000061 F30F7E0425-             	movq xmm0,[pi]
    30 00000066 [28000000]         
    31 0000006A 48BF-                   	mov rdi,fmtflt
    31 0000006C [3400000000000000] 
    32 00000074 E8(00000000)            	call printf
    33 00000079 4889EC                  	mov rsp,rbp
    34 0000007C 5D                      	pop rbp
    35 0000007D C3                      ret
