     1                                  ;alive.asm
     2                                  section .data
     3 00000000 48656C6C6F2C576F72-     	msg1 db "Hello,World!",10,0
     3 00000009 6C64210A00         
     4                                  	msg1Len equ $-msg1-1
     5 0000000E 416C69766520616E64-     	msg2 db "Alive and kicking!",10,0
     5 00000017 206B69636B696E6721-
     5 00000020 0A00               
     6                                  	msg2Len equ $-msg2-1
     7 00000022 6501000000000000        	radius dq 357
     8 0000002A 1F85EB51B81E0940        	pi dq 3.14
     9                                  section .bss
    10                                  section .text
    11                                  	global main
    12                                  main:
    13 00000000 55                      	push rbp
    14 00000001 4889E5                  	mov rbp,rsp
    15 00000004 B801000000              	mov rax,1
    16 00000009 BF01000000              	mov rdi,1
    17 0000000E BE01000000              	mov rsi,1
    18 00000013 48BE-                   	mov rsi,msg1
    18 00000015 [0000000000000000] 
    19 0000001D BA0D000000              	mov rdx,msg1Len
    20 00000022 0F05                    	syscall
    21 00000024 B801000000              	mov rax,1
    22 00000029 BF01000000              	mov rdi,1
    23 0000002E 48BE-                   	mov rsi,msg2
    23 00000030 [0E00000000000000] 
    24 00000038 BA13000000              	mov rdx,msg2Len
    25 0000003D 0F05                    	syscall
    26 0000003F 4889EC                  	mov rsp,rbp
    27 00000042 5D                      	pop rbp
    28 00000043 B83C000000              	mov rax,60
    29 00000048 BF00000000              	mov rdi,0
    30 0000004D 0F05                    	syscall
